<?xml version="1.0" encoding="utf-8"?><testsuites name="pytest tests"><testsuite name="pytest" errors="0" failures="0" skipped="0" tests="19" time="1.883" timestamp="2026-07-16T06:24:46.043471+00:00" hostname="agent-env-0a99d3c0-c2d3-4f34-a508-b6eeaa57ee36"><testcase classname="tests.test_og_and_ssr" name="test_og_default_png_dimensions_and_size" time="0.167" /><testcase classname="tests.test_og_and_ssr" name="test_og_story_png" time="0.112" /><testcase classname="tests.test_og_and_ssr" name="test_og_story_second_fetch_is_cached" time="0.088" /><testcase classname="tests.test_og_and_ssr" name="test_og_digest_png" time="0.094" /><testcase classname="tests.test_og_and_ssr" name="test_og_story_404_for_unknown" time="0.042" /><testcase classname="tests.test_og_and_ssr" name="test_og_generation_survives_140_char_headline" time="0.175" /><testcase classname="tests.test_og_and_ssr" name="test_ssr_story_via_frontend" time="0.045" /><testcase classname="tests.test_og_and_ssr" name="test_ssr_home_via_frontend" time="0.048" /><testcase classname="tests.test_og_and_ssr" name="test_spa_served_for_real_browser" time="0.043" /><testcase classname="tests.test_og_and_ssr" name="test_sitemap_valid_and_contains_stories" time="0.046" /><testcase classname="tests.test_og_and_ssr" name="test_robots_txt_disallows_admin" time="0.081" /><testcase classname="tests.test_og_and_ssr" name="test_ssr_home_direct_endpoint" time="0.044" /><testcase classname="tests.test_og_and_ssr" name="test_ssr_story_direct_endpoint" time="0.043" /><testcase classname="tests.test_og_and_ssr" name="test_ssr_digest_direct_endpoint" time="0.042" /><testcase classname="tests.test_og_and_ssr" name="test_feed_still_works" time="0.050" /><testcase classname="tests.test_og_and_ssr" name="test_tldr_still_works" time="0.043" /><testcase classname="tests.test_og_and_ssr" name="test_story_endpoint_now_returns_roles" time="0.046" /><testcase classname="tests.test_og_and_ssr" name="test_story_endpoint_exposes_keywords_field" time="0.042" /><testcase classname="tests.test_og_and_ssr" name="test_admin_password_from_env" time="0.006" /></testsuite></testsuites>