<?xml version="1.0" encoding="utf-8"?><testsuites name="pytest tests"><testsuite name="pytest" errors="0" failures="0" skipped="0" tests="16" time="1.351" timestamp="2026-07-16T05:51:20.704486+00:00" hostname="agent-env-0a99d3c0-c2d3-4f34-a508-b6eeaa57ee36"><testcase classname="tests.backend_test.TestAdmin" name="test_verify_ok" time="0.235" /><testcase classname="tests.backend_test.TestFeed" name="test_feed_basic" time="0.264" /><testcase classname="tests.backend_test.TestAdmin" name="test_verify_bad" time="0.048" /><testcase classname="tests.backend_test.TestFeed" name="test_feed_tag_filter" time="0.045" /><testcase classname="tests.backend_test.TestAdmin" name="test_sources_requires_header" time="0.050" /><testcase classname="tests.backend_test.TestFeed" name="test_feed_search" time="0.066" /><testcase classname="tests.backend_test.TestAdmin" name="test_sources_list" time="0.101" /><testcase classname="tests.backend_test.TestNewsletter" name="test_valid" time="0.056" /><testcase classname="tests.backend_test.TestNewsletter" name="test_invalid" time="0.084" /><testcase classname="tests.backend_test.TestAdmin" name="test_source_crud" time="0.223" /><testcase classname="tests.backend_test.TestXml" name="test_rss" time="0.053" /><testcase classname="tests.backend_test.TestXml" name="test_sitemap" time="0.048" /><testcase classname="tests.backend_test.TestStory" name="test_story_ok_and_404" time="0.189" /><testcase classname="tests.backend_test.TestAdmin" name="test_stats" time="0.086" /><testcase classname="tests.backend_test.TestTldr" name="test_tldr" time="0.049" /><testcase classname="tests.backend_test.TestDigest" name="test_digest_today_or_recent" time="0.048" /></testsuite></testsuites>